<?xml version="1.0" encoding="UTF-8"?>
<testsuite xmlns:xsi="http://www.w3.org/2001/XMLSchema-instance" xsi:noNamespaceSchemaLocation="https://maven.apache.org/surefire/maven-surefire-plugin/xsd/surefire-test-report.xsd" version="3.0.2" name="bgu.spl.MessageBusImplTest" time="0.178" tests="7" errors="0" skipped="0" failures="1">
  <properties>
[...]
</properties>
  <testcase name="testAwaitMessageBlocking" classname="bgu.spl.MessageBusImplTest" time="0.152">
    <system-err><![CDATA[Jan 01, 2025 5:22:01 PM bgu.spl.MessageBusImplTest setUp
INFO: Setting up MessageBus and registering testMicroService
Jan 01, 2025 5:22:01 PM bgu.spl.MessageBusImplTest testAwaitMessageBlocking
INFO: Testing awaitMessage blocking behavior
Jan 01, 2025 5:22:01 PM bgu.spl.MessageBusImplTest lambda$testAwaitMessageBlocking$0
INFO: Thread waiting on awaitMessage
Jan 01, 2025 5:22:01 PM bgu.spl.MessageBusImplTest testAwaitMessageBlocking
INFO: Verified thread is blocked
Jan 01, 2025 5:22:01 PM bgu.spl.MessageBusImplTest testAwaitMessageBlocking
INFO: Sent event to unblock thread
Jan 01, 2025 5:22:01 PM bgu.spl.MessageBusImplTest lambda$testAwaitMessageBlocking$0
INFO: Thread unblocked after receiving message
Jan 01, 2025 5:22:01 PM bgu.spl.MessageBusImplTest testAwaitMessageBlocking
INFO: Thread successfully unblocked
Jan 01, 2025 5:22:01 PM bgu.spl.MessageBusImplTest tearDown
INFO: Tearing down testMicroService
]]></system-err>
  </testcase>
  <testcase name="testUnregisterRemovesAllReferences" classname="bgu.spl.MessageBusImplTest" time="0.003">
    <failure message="Expected java.lang.IllegalStateException to be thrown, but nothing was thrown." type="org.opentest4j.AssertionFailedError"><![CDATA[org.opentest4j.AssertionFailedError: Expected java.lang.IllegalStateException to be thrown, but nothing was thrown.
	at org.junit.jupiter.api.AssertionFailureBuilder.build(AssertionFailureBuilder.java:152)
	at org.junit.jupiter.api.AssertThrows.assertThrows(AssertThrows.java:73)
	at org.junit.jupiter.api.AssertThrows.assertThrows(AssertThrows.java:35)
	at org.junit.jupiter.api.Assertions.assertThrows(Assertions.java:3128)
	at bgu.spl.MessageBusImplTest.testUnregisterRemovesAllReferences(MessageBusImplTest.java:174)
	at java.base/java.lang.reflect.Method.invoke(Method.java:568)
	at java.base/java.util.ArrayList.forEach(ArrayList.java:1511)
	at java.base/java.util.ArrayList.forEach(ArrayList.java:1511)
]]></failure>
    <system-err><![CDATA[Jan 01, 2025 5:22:01 PM bgu.spl.MessageBusImplTest setUp
INFO: Setting up MessageBus and registering testMicroService
Jan 01, 2025 5:22:01 PM bgu.spl.MessageBusImplTest testUnregisterRemovesAllReferences
INFO: Testing unregister removes all references
Jan 01, 2025 5:22:01 PM bgu.spl.MessageBusImplTest tearDown
INFO: Tearing down testMicroService
]]></system-err>
  </testcase>
  <testcase name="testSendBroadcast" classname="bgu.spl.MessageBusImplTest" time="0.007">
    <system-err><![CDATA[Jan 01, 2025 5:22:01 PM bgu.spl.MessageBusImplTest setUp
INFO: Setting up MessageBus and registering testMicroService
Jan 01, 2025 5:22:01 PM bgu.spl.MessageBusImplTest testSendBroadcast
INFO: Testing sendBroadcast functionality
Jan 01, 2025 5:22:01 PM bgu.spl.MessageBusImplTest testSendBroadcast
INFO: Received broadcast: bgu.spl.MessageBusImplTest$1TestBroadcast@3857f613
Jan 01, 2025 5:22:01 PM bgu.spl.MessageBusImplTest tearDown
INFO: Tearing down testMicroService
]]></system-err>
  </testcase>
  <testcase name="testRegisterAndAwaitMessage" classname="bgu.spl.MessageBusImplTest" time="0.001">
    <system-err><![CDATA[Jan 01, 2025 5:22:01 PM bgu.spl.MessageBusImplTest setUp
INFO: Setting up MessageBus and registering testMicroService
Jan 01, 2025 5:22:01 PM bgu.spl.MessageBusImplTest testRegisterAndAwaitMessage
INFO: Testing register and awaitMessage functionality
Jan 01, 2025 5:22:01 PM bgu.spl.MessageBusImplTest testRegisterAndAwaitMessage
INFO: Received message: bgu.spl.MessageBusImplTest$1TestEvent@3c9754d8
Jan 01, 2025 5:22:01 PM bgu.spl.MessageBusImplTest tearDown
INFO: Tearing down testMicroService
]]></system-err>
  </testcase>
  <testcase name="testBroadcastWithoutSubscribers" classname="bgu.spl.MessageBusImplTest" time="0.015">
    <system-out><![CDATA[No subscribers found for the broadcast: bgu.spl.MessageBusImplTest$2TestBroadcast
]]></system-out>
    <system-err><![CDATA[Jan 01, 2025 5:22:01 PM bgu.spl.MessageBusImplTest setUp
INFO: Setting up MessageBus and registering testMicroService
Jan 01, 2025 5:22:01 PM bgu.spl.MessageBusImplTest testBroadcastWithoutSubscribers
INFO: Testing broadcast without subscribers
Jan 01, 2025 5:22:01 PM bgu.spl.MessageBusImplTest testBroadcastWithoutSubscribers
INFO: Broadcast sent successfully with no subscribers
Jan 01, 2025 5:22:01 PM bgu.spl.MessageBusImplTest tearDown
INFO: Tearing down testMicroService
]]></system-err>
  </testcase>
  <testcase name="testCompleteEvent" classname="bgu.spl.MessageBusImplTest" time="0.0">
    <system-err><![CDATA[Jan 01, 2025 5:22:01 PM bgu.spl.MessageBusImplTest setUp
INFO: Setting up MessageBus and registering testMicroService
Jan 01, 2025 5:22:01 PM bgu.spl.MessageBusImplTest testCompleteEvent
INFO: Testing complete functionality for events
Jan 01, 2025 5:22:01 PM bgu.spl.MessageBusImplTest testCompleteEvent
INFO: Future created for event: bgu.spl.MessageBusImplTest$3TestEvent@3d285d7e
Jan 01, 2025 5:22:01 PM bgu.spl.MessageBusImplTest testCompleteEvent
INFO: Completed event with result: Result
Jan 01, 2025 5:22:01 PM bgu.spl.MessageBusImplTest tearDown
INFO: Tearing down testMicroService
]]></system-err>
  </testcase>
  <testcase name="testSendEventToMultipleSubscribers" classname="bgu.spl.MessageBusImplTest" time="0.0">
    <system-err><![CDATA[Jan 01, 2025 5:22:01 PM bgu.spl.MessageBusImplTest setUp
INFO: Setting up MessageBus and registering testMicroService
Jan 01, 2025 5:22:01 PM bgu.spl.MessageBusImplTest testSendEventToMultipleSubscribers
INFO: Testing round-robin event distribution to multiple subscribers
Jan 01, 2025 5:22:01 PM bgu.spl.MessageBusImplTest testSendEventToMultipleSubscribers
INFO: Sent first event: bgu.spl.MessageBusImplTest$2TestEvent@ba2f4ec
Jan 01, 2025 5:22:01 PM bgu.spl.MessageBusImplTest testSendEventToMultipleSubscribers
INFO: Sent second event: bgu.spl.MessageBusImplTest$2TestEvent@1c1bbc4e
Jan 01, 2025 5:22:01 PM bgu.spl.MessageBusImplTest tearDown
INFO: Tearing down testMicroService
]]></system-err>
  </testcase>
</testsuite>