<?xml version="1.0" encoding="UTF-8"?>
<testsuite xmlns:xsi="http://www.w3.org/2001/XMLSchema-instance" xsi:noNamespaceSchemaLocation="https://maven.apache.org/surefire/maven-surefire-plugin/xsd/surefire-test-report.xsd" version="3.0.2" name="bgu.spl.MessageBusImplTest" time="0.225" tests="7" errors="0" skipped="0" failures="1">
  <properties>
[...]
</properties>
  <testcase name="testAwaitMessageBlocking" classname="bgu.spl.MessageBusImplTest" time="0.161">
    <system-err><![CDATA[Dec 31, 2024 3:56:50 PM bgu.spl.MessageBusImplTest setUp
INFO: Setting up MessageBus and registering testMicroService
Dec 31, 2024 3:56:50 PM bgu.spl.MessageBusImplTest testAwaitMessageBlocking
INFO: Testing awaitMessage blocking behavior
Dec 31, 2024 3:56:50 PM bgu.spl.MessageBusImplTest lambda$testAwaitMessageBlocking$0
INFO: Thread waiting on awaitMessage
Dec 31, 2024 3:56:50 PM bgu.spl.MessageBusImplTest testAwaitMessageBlocking
INFO: Verified thread is blocked
Dec 31, 2024 3:56:50 PM bgu.spl.MessageBusImplTest testAwaitMessageBlocking
INFO: Sent event to unblock thread
Dec 31, 2024 3:56:50 PM bgu.spl.MessageBusImplTest lambda$testAwaitMessageBlocking$0
INFO: Thread unblocked after receiving message
Dec 31, 2024 3:56:50 PM bgu.spl.MessageBusImplTest testAwaitMessageBlocking
INFO: Thread successfully unblocked
Dec 31, 2024 3:56:50 PM bgu.spl.MessageBusImplTest tearDown
INFO: Tearing down testMicroService
]]></system-err>
  </testcase>
  <testcase name="testUnregisterRemovesAllReferences" classname="bgu.spl.MessageBusImplTest" time="0.008">
    <failure message="Expected java.lang.IllegalStateException to be thrown, but nothing was thrown." type="org.opentest4j.AssertionFailedError"><![CDATA[org.opentest4j.AssertionFailedError: Expected java.lang.IllegalStateException to be thrown, but nothing was thrown.
	at org.junit.jupiter.api.AssertionFailureBuilder.build(AssertionFailureBuilder.java:152)
	at org.junit.jupiter.api.AssertThrows.assertThrows(AssertThrows.java:73)
	at org.junit.jupiter.api.AssertThrows.assertThrows(AssertThrows.java:35)
	at org.junit.jupiter.api.Assertions.assertThrows(Assertions.java:3128)
	at bgu.spl.MessageBusImplTest.testUnregisterRemovesAllReferences(MessageBusImplTest.java:173)
	at java.base/java.lang.reflect.Method.invoke(Method.java:568)
	at java.base/java.util.ArrayList.forEach(ArrayList.java:1511)
	at java.base/java.util.ArrayList.forEach(ArrayList.java:1511)
]]></failure>
    <system-err><![CDATA[Dec 31, 2024 3:56:50 PM bgu.spl.MessageBusImplTest setUp
INFO: Setting up MessageBus and registering testMicroService
Dec 31, 2024 3:56:50 PM bgu.spl.MessageBusImplTest testUnregisterRemovesAllReferences
INFO: Testing unregister removes all references
Dec 31, 2024 3:56:50 PM bgu.spl.MessageBusImplTest tearDown
INFO: Tearing down testMicroService
]]></system-err>
  </testcase>
  <testcase name="testSendBroadcast" classname="bgu.spl.MessageBusImplTest" time="0.003">
    <system-err><![CDATA[Dec 31, 2024 3:56:50 PM bgu.spl.MessageBusImplTest setUp
INFO: Setting up MessageBus and registering testMicroService
Dec 31, 2024 3:56:50 PM bgu.spl.MessageBusImplTest testSendBroadcast
INFO: Testing sendBroadcast functionality
Dec 31, 2024 3:56:50 PM bgu.spl.MessageBusImplTest testSendBroadcast
INFO: Received broadcast: bgu.spl.MessageBusImplTest$1TestBroadcast@4c12331b
Dec 31, 2024 3:56:50 PM bgu.spl.MessageBusImplTest tearDown
INFO: Tearing down testMicroService
]]></system-err>
  </testcase>
  <testcase name="testRegisterAndAwaitMessage" classname="bgu.spl.MessageBusImplTest" time="0.004">
    <system-err><![CDATA[Dec 31, 2024 3:56:50 PM bgu.spl.MessageBusImplTest setUp
INFO: Setting up MessageBus and registering testMicroService
Dec 31, 2024 3:56:50 PM bgu.spl.MessageBusImplTest testRegisterAndAwaitMessage
INFO: Testing register and awaitMessage functionality
Dec 31, 2024 3:56:50 PM bgu.spl.MessageBusImplTest testRegisterAndAwaitMessage
INFO: Received message: bgu.spl.MessageBusImplTest$1TestEvent@6150c3ec
Dec 31, 2024 3:56:50 PM bgu.spl.MessageBusImplTest tearDown
INFO: Tearing down testMicroService
]]></system-err>
  </testcase>
  <testcase name="testBroadcastWithoutSubscribers" classname="bgu.spl.MessageBusImplTest" time="0.005">
    <system-out><![CDATA[No subscribers found for the broadcast: bgu.spl.MessageBusImplTest$2TestBroadcast
]]></system-out>
    <system-err><![CDATA[Dec 31, 2024 3:56:50 PM bgu.spl.MessageBusImplTest setUp
INFO: Setting up MessageBus and registering testMicroService
Dec 31, 2024 3:56:50 PM bgu.spl.MessageBusImplTest testBroadcastWithoutSubscribers
INFO: Testing broadcast without subscribers
Dec 31, 2024 3:56:50 PM bgu.spl.MessageBusImplTest testBroadcastWithoutSubscribers
INFO: Broadcast sent successfully with no subscribers
Dec 31, 2024 3:56:50 PM bgu.spl.MessageBusImplTest tearDown
INFO: Tearing down testMicroService
]]></system-err>
  </testcase>
  <testcase name="testCompleteEvent" classname="bgu.spl.MessageBusImplTest" time="0.003">
    <system-err><![CDATA[Dec 31, 2024 3:56:50 PM bgu.spl.MessageBusImplTest setUp
INFO: Setting up MessageBus and registering testMicroService
Dec 31, 2024 3:56:50 PM bgu.spl.MessageBusImplTest testCompleteEvent
INFO: Testing complete functionality for events
Dec 31, 2024 3:56:50 PM bgu.spl.MessageBusImplTest testCompleteEvent
INFO: Future created for event: bgu.spl.MessageBusImplTest$3TestEvent@139982de
Dec 31, 2024 3:56:50 PM bgu.spl.MessageBusImplTest testCompleteEvent
INFO: Completed event with result: Result
Dec 31, 2024 3:56:50 PM bgu.spl.MessageBusImplTest tearDown
INFO: Tearing down testMicroService
]]></system-err>
  </testcase>
  <testcase name="testSendEventToMultipleSubscribers" classname="bgu.spl.MessageBusImplTest" time="0.003">
    <system-err><![CDATA[Dec 31, 2024 3:56:50 PM bgu.spl.MessageBusImplTest setUp
INFO: Setting up MessageBus and registering testMicroService
Dec 31, 2024 3:56:50 PM bgu.spl.MessageBusImplTest testSendEventToMultipleSubscribers
INFO: Testing round-robin event distribution to multiple subscribers
Dec 31, 2024 3:56:50 PM bgu.spl.MessageBusImplTest testSendEventToMultipleSubscribers
INFO: Sent first event: bgu.spl.MessageBusImplTest$2TestEvent@31190526
Dec 31, 2024 3:56:50 PM bgu.spl.MessageBusImplTest testSendEventToMultipleSubscribers
INFO: Sent second event: bgu.spl.MessageBusImplTest$2TestEvent@662ac478
Dec 31, 2024 3:56:50 PM bgu.spl.MessageBusImplTest tearDown
INFO: Tearing down testMicroService
]]></system-err>
  </testcase>
</testsuite>